0 info it worked if it ends with ok
1 verbose cli [ 'C:\\Program Files\\nodejs\\node.exe',
1 verbose cli   'C:\\Users\\Avishai\\AppData\\Roaming\\npm\\node_modules\\npm\\bin\\npm-cli.js',
1 verbose cli   'run',
1 verbose cli   'compileClient' ]
2 info using npm@3.10.5
3 info using node@v6.3.1
4 verbose run-script [ 'precompileClient', 'compileClient', 'postcompileClient' ]
5 info lifecycle ng2-ui-auth-example@1.0.0~precompileClient: ng2-ui-auth-example@1.0.0
6 silly lifecycle ng2-ui-auth-example@1.0.0~precompileClient: no script for precompileClient, continuing
7 info lifecycle ng2-ui-auth-example@1.0.0~compileClient: ng2-ui-auth-example@1.0.0
8 verbose lifecycle ng2-ui-auth-example@1.0.0~compileClient: unsafe-perm in lifecycle true
9 verbose lifecycle ng2-ui-auth-example@1.0.0~compileClient: PATH: C:\Users\Avishai\AppData\Roaming\npm\node_modules\npm\bin\node-gyp-bin;C:\Users\Avishai\ng2-ui-auth-example-master-master\node_modules\.bin;C:\Program Files\nodejs;C:\Program Files (x86)\MRtrix\bin;C:\Program Files (x86)\MRtrix;C:\WINDOWS\system32;C:\WINDOWS;C:\WINDOWS\System32\Wbem;C:\WINDOWS\System32\WindowsPowerShell\v1.0\;C:\Program Files\Java\jdk1.8.0_51\bin;C:\Program Files\Microsoft SQL Server\110\Tools\Binn\;C:\Program Files (x86)\Windows Live\Shared;C:\Program Files\MATLAB\R2016a\runtime\win64;C:\Program Files\MATLAB\R2016a\bin;C:\Program Files\MATLAB\R2011b\runtime\win64;C:\Program Files\MATLAB\R2011b\bin;C:\Program Files (x86)\Skype\Phone\;C:\PROGRA~2\ATT\Graphviz\bin;C:\Program Files (x86)\MiKTeX 2.9\miktex\bin\;C:\Program Files\nodejs\;C:\Program Files (x86)\Windows Kits\8.1\Windows Performance Toolkit\;C:\Users\Avishai\AppData\Local\Programs\Git\cmd;AspenTech\Aspen Hydraulics;C:\Program Files (x86)\Microsoft VS Code\bin;C:\Users\Avishai\AppData\Roaming\npm
10 verbose lifecycle ng2-ui-auth-example@1.0.0~compileClient: CWD: C:\Users\Avishai\ng2-ui-auth-example-master-master
11 silly lifecycle ng2-ui-auth-example@1.0.0~compileClient: Args: [ '/d /s /c', 'cd ./client && typings install && tsc' ]
12 silly lifecycle ng2-ui-auth-example@1.0.0~compileClient: Returned: code: 2  signal: null
13 info lifecycle ng2-ui-auth-example@1.0.0~compileClient: Failed to exec compileClient script
14 verbose stack Error: ng2-ui-auth-example@1.0.0 compileClient: `cd ./client && typings install && tsc`
14 verbose stack Exit status 2
14 verbose stack     at EventEmitter.<anonymous> (C:\Users\Avishai\AppData\Roaming\npm\node_modules\npm\lib\utils\lifecycle.js:242:16)
14 verbose stack     at emitTwo (events.js:106:13)
14 verbose stack     at EventEmitter.emit (events.js:191:7)
14 verbose stack     at ChildProcess.<anonymous> (C:\Users\Avishai\AppData\Roaming\npm\node_modules\npm\lib\utils\spawn.js:40:14)
14 verbose stack     at emitTwo (events.js:106:13)
14 verbose stack     at ChildProcess.emit (events.js:191:7)
14 verbose stack     at maybeClose (internal/child_process.js:852:16)
14 verbose stack     at Process.ChildProcess._handle.onexit (internal/child_process.js:215:5)
15 verbose pkgid ng2-ui-auth-example@1.0.0
16 verbose cwd C:\Users\Avishai\ng2-ui-auth-example-master-master
17 error Windows_NT 10.0.10586
18 error argv "C:\\Program Files\\nodejs\\node.exe" "C:\\Users\\Avishai\\AppData\\Roaming\\npm\\node_modules\\npm\\bin\\npm-cli.js" "run" "compileClient"
19 error node v6.3.1
20 error npm  v3.10.5
21 error code ELIFECYCLE
22 error ng2-ui-auth-example@1.0.0 compileClient: `cd ./client && typings install && tsc`
22 error Exit status 2
23 error Failed at the ng2-ui-auth-example@1.0.0 compileClient script 'cd ./client && typings install && tsc'.
23 error Make sure you have the latest version of node.js and npm installed.
23 error If you do, this is most likely a problem with the ng2-ui-auth-example package,
23 error not with npm itself.
23 error Tell the author that this fails on your system:
23 error     cd ./client && typings install && tsc
23 error You can get information on how to open an issue for this project with:
23 error     npm bugs ng2-ui-auth-example
23 error Or if that isn't available, you can get their info via:
23 error     npm owner ls ng2-ui-auth-example
23 error There is likely additional logging output above.
24 verbose exit [ 1, true ]
